
-----------------------------------------------------------------
  pg_upgrade run on Thu Nov 14 08:02:18 2024
-----------------------------------------------------------------

You must identify the directory where the old cluster binaries reside.
Please use the -b command-line option or the PGBINOLD environment variable.

-----------------------------------------------------------------
  pg_upgrade run on Thu Nov 14 08:04:30 2024
-----------------------------------------------------------------

You must identify the directory where the old cluster binaries reside.
Please use the -b command-line option or the PGBINOLD environment variable.

-----------------------------------------------------------------
  pg_upgrade run on Thu Nov 14 08:05:10 2024
-----------------------------------------------------------------

You must identify the directory where the old cluster data resides.
Please use the -d command-line option or the PGDATAOLD environment variable.

-----------------------------------------------------------------
  pg_upgrade run on Thu Nov 14 08:05:37 2024
-----------------------------------------------------------------

You must identify the directory where the old cluster binaries reside.
Please use the -b command-line option or the PGBINOLD environment variable.

-----------------------------------------------------------------
  pg_upgrade run on Thu Nov 14 08:08:19 2024
-----------------------------------------------------------------

You must identify the directory where the new cluster data resides.
Please use the -D command-line option or the PGDATANEW environment variable.

-----------------------------------------------------------------
  pg_upgrade run on Thu Nov 14 08:11:15 2024
-----------------------------------------------------------------

libpq environment variable PGHOST has a non-local server value: 34.94.209.16

-----------------------------------------------------------------
  pg_upgrade run on Thu Nov 14 08:12:02 2024
-----------------------------------------------------------------

could not open version file "/mnt/disks/datadrive/postgres/PG_VERSION": No such file or directory

-----------------------------------------------------------------
  pg_upgrade run on Thu Nov 14 08:15:26 2024
-----------------------------------------------------------------

check for "/Applications/Postgres.app/Contents/Versions/2024/bin" failed: No such file or directory


-----------------------------------------------------------------
  pg_upgrade run on Thu Nov 14 08:16:08 2024
-----------------------------------------------------------------

check for "/Applications/Postgres.app/Contents/Versions/2024/bin" failed: No such file or directory


-----------------------------------------------------------------
  pg_upgrade run on Thu Nov 14 08:16:35 2024
-----------------------------------------------------------------

check for "/Applications/Postgres.app/Contents/Versions/2024/bin/postgres" failed: No such file or directory

-----------------------------------------------------------------
  pg_upgrade run on Thu Nov 14 08:17:04 2024
-----------------------------------------------------------------

check for "/Applications/Postgres.app/Contents/Versions/2024/bin/postgres" failed: not a regular file
